This file contains any messages produced by compilers while
running configure, to aid debugging if configure makes a mistake.

It was created by opus-tools configure 0.2, which was
generated by GNU Autoconf 2.69.  Invocation command line was

  $ ./configure 

## --------- ##
## Platform. ##
## --------- ##

hostname = Dragos-MacBook-Air-M1.local
uname -m = arm64
uname -r = 22.6.0
uname -s = Darwin
uname -v = Darwin Kernel Version 22.6.0: Wed Jul  5 22:22:52 PDT 2023; root:xnu-8796.141.3~6/RELEASE_ARM64_T8103

/usr/bin/uname -p = arm
/bin/uname -X     = unknown

/bin/arch              = unknown
/usr/bin/arch -k       = unknown
/usr/convex/getsysinfo = unknown
/usr/bin/hostinfo      = Mach kernel version:
	 Darwin Kernel Version 22.6.0: Wed Jul  5 22:22:52 PDT 2023; root:xnu-8796.141.3~6/RELEASE_ARM64_T8103
Kernel configured for up to 8 processors.
8 processors are physically available.
8 processors are logically available.
Processor type: arm64e (ARM64E)
Processors active: 0 1 2 3 4 5 6 7
Primary memory available: 16.00 gigabytes
Default processor set: 595 tasks, 2395 threads, 8 processors
Load average: 1.93, Mach factor: 6.06
/bin/machine           = unknown
/usr/bin/oslevel       = unknown
/bin/universe          = unknown

PATH: /Library/Frameworks/Python.framework/Versions/3.11/bin
PATH: /opt/homebrew/bin
PATH: /opt/homebrew/sbin
PATH: /usr/local/bin
PATH: /System/Cryptexes/App/usr/bin
PATH: /usr/bin
PATH: /bin
PATH: /usr/sbin
PATH: /sbin
PATH: /Library/Apple/usr/bin
PATH: /var/run/com.apple.security.cryptexd/codex.system/bootstrap/usr/local/bin
PATH: /var/run/com.apple.security.cryptexd/codex.system/bootstrap/usr/bin
PATH: /var/run/com.apple.security.cryptexd/codex.system/bootstrap/usr/appleinternal/bin


## ----------- ##
## Core tests. ##
## ----------- ##

configure:2351: checking whether make supports nested variables
configure:2368: result: yes
configure:2425: checking for a BSD-compatible install
configure:2493: result: /usr/bin/install -c
configure:2504: checking whether build environment is sane
configure:2559: result: yes
configure:2710: checking for a thread-safe mkdir -p
configure:2749: result: ./install-sh -c -d
configure:2756: checking for gawk
configure:2786: result: no
configure:2756: checking for mawk
configure:2786: result: no
configure:2756: checking for nawk
configure:2786: result: no
configure:2756: checking for awk
configure:2772: found /usr/bin/awk
configure:2783: result: awk
configure:2794: checking whether make sets $(MAKE)
configure:2816: result: yes
configure:2941: checking whether to enable maintainer-specific portions of Makefiles
configure:2950: result: yes
configure:2968: checking build system type
configure:2982: result: arm-apple-darwin22.6.0
configure:3002: checking host system type
configure:3015: result: arm-apple-darwin22.6.0
configure:3047: checking for style of include used by make
configure:3075: result: GNU
configure:3146: checking for gcc
configure:3162: found /usr/bin/gcc
configure:3173: result: gcc
configure:3402: checking for C compiler version
configure:3411: gcc --version >&5
Apple clang version 15.0.0 (clang-1500.0.40.1)
Target: arm64-apple-darwin22.6.0
Thread model: posix
InstalledDir: /Applications/Xcode.app/Contents/Developer/Toolchains/XcodeDefault.xctoolchain/usr/bin
configure:3422: $? = 0
configure:3411: gcc -v >&5
Apple clang version 15.0.0 (clang-1500.0.40.1)
Target: arm64-apple-darwin22.6.0
Thread model: posix
InstalledDir: /Applications/Xcode.app/Contents/Developer/Toolchains/XcodeDefault.xctoolchain/usr/bin
configure:3422: $? = 0
configure:3411: gcc -V >&5
clang: error: argument to '-V' is missing (expected 1 value)
clang: error: no input files
configure:3422: $? = 1
configure:3411: gcc -qversion >&5
clang: error: unknown argument '-qversion'; did you mean '--version'?
clang: error: no input files
configure:3422: $? = 1
configure:3442: checking whether the C compiler works
configure:3464: gcc    conftest.c  >&5
configure:3468: $? = 0
configure:3516: result: yes
configure:3519: checking for C compiler default output file name
configure:3521: result: a.out
configure:3527: checking for suffix of executables
configure:3534: gcc -o conftest    conftest.c  >&5
configure:3538: $? = 0
configure:3560: result: 
configure:3582: checking whether we are cross compiling
configure:3590: gcc -o conftest    conftest.c  >&5
configure:3594: $? = 0
configure:3601: ./conftest
configure:3605: $? = 0
configure:3620: result: no
configure:3625: checking for suffix of object files
configure:3647: gcc -c   conftest.c >&5
configure:3651: $? = 0
configure:3672: result: o
configure:3676: checking whether we are using the GNU C compiler
configure:3695: gcc -c   conftest.c >&5
configure:3695: $? = 0
configure:3704: result: yes
configure:3713: checking whether gcc accepts -g
configure:3733: gcc -c -g  conftest.c >&5
configure:3733: $? = 0
configure:3774: result: yes
configure:3791: checking for gcc option to accept ISO C89
configure:3854: gcc  -c -g -O2  conftest.c >&5
conftest.c:15:14: warning: a function definition without a prototype is deprecated in all versions of C and is not supported in C2x [-Wdeprecated-non-prototype]
static char *e (p, i)
             ^
1 warning generated.
configure:3854: $? = 0
configure:3867: result: none needed
configure:3892: checking whether gcc understands -c and -o together
configure:3914: gcc -c conftest.c -o conftest2.o
configure:3917: $? = 0
configure:3914: gcc -c conftest.c -o conftest2.o
configure:3917: $? = 0
configure:3929: result: yes
configure:3948: checking dependency style of gcc
configure:4059: result: gcc3
configure:4076: checking for gcc option to accept ISO C99
configure:4225: gcc  -c -g -O2  conftest.c >&5
configure:4225: $? = 0
configure:4238: result: none needed
configure:4259: checking how to run the C preprocessor
configure:4290: gcc -E  conftest.c
configure:4290: $? = 0
configure:4304: gcc -E  conftest.c
conftest.c:9:10: fatal error: 'ac_nonexistent.h' file not found
#include <ac_nonexistent.h>
         ^~~~~~~~~~~~~~~~~~
1 error generated.
configure:4304: $? = 1
configure: failed program was:
| /* confdefs.h */
| #define PACKAGE_NAME "opus-tools"
| #define PACKAGE_TARNAME "opus-tools"
| #define PACKAGE_VERSION "0.2"
| #define PACKAGE_STRING "opus-tools 0.2"
| #define PACKAGE_BUGREPORT "opus@xiph.org"
| #define PACKAGE_URL ""
| /* end confdefs.h.  */
| #include <ac_nonexistent.h>
configure:4329: result: gcc -E
configure:4349: gcc -E  conftest.c
configure:4349: $? = 0
configure:4363: gcc -E  conftest.c
conftest.c:9:10: fatal error: 'ac_nonexistent.h' file not found
#include <ac_nonexistent.h>
         ^~~~~~~~~~~~~~~~~~
1 error generated.
configure:4363: $? = 1
configure: failed program was:
| /* confdefs.h */
| #define PACKAGE_NAME "opus-tools"
| #define PACKAGE_TARNAME "opus-tools"
| #define PACKAGE_VERSION "0.2"
| #define PACKAGE_STRING "opus-tools 0.2"
| #define PACKAGE_BUGREPORT "opus@xiph.org"
| #define PACKAGE_URL ""
| /* end confdefs.h.  */
| #include <ac_nonexistent.h>
configure:4392: checking for grep that handles long lines and -e
configure:4450: result: /usr/bin/grep
configure:4455: checking for egrep
configure:4517: result: /usr/bin/grep -E
configure:4522: checking for ANSI C header files
configure:4542: gcc -c -g -O2  conftest.c >&5
configure:4542: $? = 0
configure:4615: gcc -o conftest -g -O2   conftest.c  >&5
configure:4615: $? = 0
configure:4615: ./conftest
configure:4615: $? = 0
configure:4626: result: yes
configure:4639: checking for sys/types.h
configure:4639: gcc -c -g -O2  conftest.c >&5
configure:4639: $? = 0
configure:4639: result: yes
configure:4639: checking for sys/stat.h
configure:4639: gcc -c -g -O2  conftest.c >&5
configure:4639: $? = 0
configure:4639: result: yes
configure:4639: checking for stdlib.h
configure:4639: gcc -c -g -O2  conftest.c >&5
configure:4639: $? = 0
configure:4639: result: yes
configure:4639: checking for string.h
configure:4639: gcc -c -g -O2  conftest.c >&5
configure:4639: $? = 0
configure:4639: result: yes
configure:4639: checking for memory.h
configure:4639: gcc -c -g -O2  conftest.c >&5
configure:4639: $? = 0
configure:4639: result: yes
configure:4639: checking for strings.h
configure:4639: gcc -c -g -O2  conftest.c >&5
configure:4639: $? = 0
configure:4639: result: yes
configure:4639: checking for inttypes.h
configure:4639: gcc -c -g -O2  conftest.c >&5
configure:4639: $? = 0
configure:4639: result: yes
configure:4639: checking for stdint.h
configure:4639: gcc -c -g -O2  conftest.c >&5
configure:4639: $? = 0
configure:4639: result: yes
configure:4639: checking for unistd.h
configure:4639: gcc -c -g -O2  conftest.c >&5
configure:4639: $? = 0
configure:4639: result: yes
configure:4654: checking for inttypes.h
configure:4654: result: yes
configure:4654: checking alloca.h usability
configure:4654: gcc -c -g -O2  conftest.c >&5
configure:4654: $? = 0
configure:4654: result: yes
configure:4654: checking alloca.h presence
configure:4654: gcc -E  conftest.c
configure:4654: $? = 0
configure:4654: result: yes
configure:4654: checking for alloca.h
configure:4654: result: yes
configure:4664: checking whether byte ordering is bigendian
configure:4679: gcc -c -g -O2  conftest.c >&5
configure:4679: $? = 0
configure:4724: gcc -c -g -O2  conftest.c >&5
configure:4724: $? = 0
configure:4742: gcc -c -g -O2  conftest.c >&5
conftest.c:28:4: error: use of undeclared identifier 'not'
                 not big endian
                 ^
1 error generated.
configure:4742: $? = 1
configure: failed program was:
| /* confdefs.h */
| #define PACKAGE_NAME "opus-tools"
| #define PACKAGE_TARNAME "opus-tools"
| #define PACKAGE_VERSION "0.2"
| #define PACKAGE_STRING "opus-tools 0.2"
| #define PACKAGE_BUGREPORT "opus@xiph.org"
| #define PACKAGE_URL ""
| #define STDC_HEADERS 1
| #define HAVE_SYS_TYPES_H 1
| #define HAVE_SYS_STAT_H 1
| #define HAVE_STDLIB_H 1
| #define HAVE_STRING_H 1
| #define HAVE_MEMORY_H 1
| #define HAVE_STRINGS_H 1
| #define HAVE_INTTYPES_H 1
| #define HAVE_STDINT_H 1
| #define HAVE_UNISTD_H 1
| #define HAVE_INTTYPES_H 1
| #define HAVE_ALLOCA_H 1
| /* end confdefs.h.  */
| #include <sys/types.h>
| 		#include <sys/param.h>
| 
| int
| main ()
| {
| #if BYTE_ORDER != BIG_ENDIAN
| 		 not big endian
| 		#endif
| 
|   ;
|   return 0;
| }
configure:4870: result: no
configure:4888: checking for an ANSI C-conforming const
configure:4954: gcc -c -g -O2  conftest.c >&5
configure:4954: $? = 0
configure:4961: result: yes
configure:4969: checking for inline
configure:4985: gcc -c -g -O2  conftest.c >&5
configure:4985: $? = 0
configure:4993: result: inline
configure:5014: WARNING: Libtool does not cope well with whitespace in `pwd`
configure:5058: checking how to print strings
configure:5085: result: printf
configure:5106: checking for a sed that does not truncate output
configure:5170: result: /usr/bin/sed
configure:5188: checking for fgrep
configure:5250: result: /usr/bin/grep -F
configure:5285: checking for ld used by gcc
configure:5352: result: /Applications/Xcode.app/Contents/Developer/Toolchains/XcodeDefault.xctoolchain/usr/bin/ld
configure:5359: checking if the linker (/Applications/Xcode.app/Contents/Developer/Toolchains/XcodeDefault.xctoolchain/usr/bin/ld) is GNU ld
configure:5374: result: no
configure:5386: checking for BSD- or MS-compatible name lister (nm)
configure:5440: result: /usr/bin/nm -B
configure:5570: checking the name lister (/usr/bin/nm -B) interface
configure:5577: gcc -c -g -O2  conftest.c >&5
configure:5580: /usr/bin/nm -B "conftest.o"
configure:5583: output
00000000000002b4 S _some_variable
0000000000000000 t ltmp0
00000000000002b4 s ltmp1
configure:5590: result: BSD nm
configure:5593: checking whether ln -s works
configure:5597: result: yes
configure:5605: checking the maximum length of command line arguments
configure:5736: result: 786432
configure:5784: checking how to convert arm-apple-darwin22.6.0 file names to arm-apple-darwin22.6.0 format
configure:5824: result: func_convert_file_noop
configure:5831: checking how to convert arm-apple-darwin22.6.0 file names to toolchain format
configure:5851: result: func_convert_file_noop
configure:5858: checking for /Applications/Xcode.app/Contents/Developer/Toolchains/XcodeDefault.xctoolchain/usr/bin/ld option to reload object files
configure:5865: result: -r
configure:5939: checking for objdump
configure:5955: found /usr/bin/objdump
configure:5966: result: objdump
configure:5998: checking how to recognize dependent libraries
configure:6198: result: pass_all
configure:6283: checking for dlltool
configure:6313: result: no
configure:6343: checking how to associate runtime and link libraries
configure:6370: result: printf %s\n
configure:6430: checking for ar
configure:6446: found /usr/bin/ar
configure:6457: result: ar
configure:6494: checking for archiver @FILE support
configure:6511: gcc -c -g -O2  conftest.c >&5
configure:6511: $? = 0
configure:6514: ar cru libconftest.a @conftest.lst >&5
ar: @conftest.lst: No such file or directory
configure:6517: $? = 1
configure:6537: result: no
configure:6595: checking for strip
configure:6611: found /usr/bin/strip
configure:6622: result: strip
configure:6694: checking for ranlib
configure:6710: found /usr/bin/ranlib
configure:6721: result: ranlib
configure:6823: checking command to parse /usr/bin/nm -B output from gcc object
configure:6976: gcc -c -g -O2  conftest.c >&5
configure:6979: $? = 0
configure:6983: /usr/bin/nm -B conftest.o \| sed -n -e 's/^.*[ ]\([ABCDGIRSTW][ABCDGIRSTW]*\)[ ][ ]*\([_A-Za-z][_A-Za-z0-9]*\)$/\1 \2 \2/p' | sed '/ __gnu_lto/d' \> conftest.nm
configure:6986: $? = 0
cannot find nm_test_var in conftest.nm
configure:6976: gcc -c -g -O2  conftest.c >&5
configure:6979: $? = 0
configure:6983: /usr/bin/nm -B conftest.o \| sed -n -e 's/^.*[ ]\([ABCDGIRSTW][ABCDGIRSTW]*\)[ ][ ]*_\([_A-Za-z][_A-Za-z0-9]*\)$/\1 _\2 \2/p' | sed '/ __gnu_lto/d' \> conftest.nm
configure:6986: $? = 0
configure:7052: gcc -o conftest -g -O2   conftest.c conftstm.o >&5
configure:7055: $? = 0
configure:7093: result: ok
configure:7140: checking for sysroot
configure:7170: result: no
configure:7177: checking for a working dd
configure:7215: result: /bin/dd
configure:7219: checking how to truncate binary pipes
configure:7234: result: /bin/dd bs=4096 count=1
configure:7563: checking for mt
configure:7593: result: no
configure:7613: checking if : is a manifest tool
configure:7619: : '-?'
configure:7627: result: no
configure:7683: checking for dsymutil
configure:7699: found /usr/bin/dsymutil
configure:7710: result: dsymutil
configure:7775: checking for nmedit
configure:7791: found /usr/bin/nmedit
configure:7802: result: nmedit
configure:7867: checking for lipo
configure:7883: found /usr/bin/lipo
configure:7894: result: lipo
configure:7959: checking for otool
configure:7975: found /usr/bin/otool
configure:7986: result: otool
configure:8051: checking for otool64
configure:8081: result: no
configure:8126: checking for -single_module linker flag
gcc -g -O2  -o libconftest.dylib -dynamiclib -Wl,-single_module conftest.c
ld: warning: -single_module is obsolete
configure:8159: result: no
configure:8162: checking for -exported_symbols_list linker flag
configure:8182: gcc -o conftest -g -O2   -Wl,-exported_symbols_list,conftest.sym conftest.c  >&5
configure:8182: $? = 0
configure:8192: result: yes
configure:8195: checking for -force_load linker flag
gcc -g -O2 -c -o conftest.o conftest.c
ar cru libconftest.a conftest.o
ranlib libconftest.a
gcc -g -O2  -o conftest conftest.c -Wl,-force_load,./libconftest.a
configure:8227: result: yes
configure:8301: checking for dlfcn.h
configure:8301: gcc -c -g -O2  conftest.c >&5
configure:8301: $? = 0
configure:8301: result: yes
configure:8557: checking for objdir
configure:8572: result: .libs
configure:8836: checking if gcc supports -fno-rtti -fno-exceptions
configure:8854: gcc -c -g -O2  -fno-rtti -fno-exceptions conftest.c >&5
configure:8858: $? = 0
configure:8871: result: yes
configure:9229: checking for gcc option to produce PIC
configure:9236: result: -fno-common -DPIC
configure:9244: checking if gcc PIC flag -fno-common -DPIC works
configure:9262: gcc -c -g -O2  -fno-common -DPIC -DPIC conftest.c >&5
configure:9266: $? = 0
configure:9279: result: yes
configure:9308: checking if gcc static flag -static works
configure:9336: result: no
configure:9351: checking if gcc supports -c -o file.o
configure:9372: gcc -c -g -O2  -o out/conftest2.o conftest.c >&5
configure:9376: $? = 0
configure:9398: result: yes
configure:9406: checking if gcc supports -c -o file.o
configure:9453: result: yes
configure:9486: checking whether the gcc linker (/Applications/Xcode.app/Contents/Developer/Toolchains/XcodeDefault.xctoolchain/usr/bin/ld) supports shared libraries
configure:10745: result: yes
configure:10985: checking dynamic linker characteristics
configure:11806: result: darwin22.6.0 dyld
configure:11928: checking how to hardcode library paths into programs
configure:11953: result: immediate
configure:12501: checking whether stripping libraries is possible
configure:12515: result: yes
configure:12541: checking if libtool supports shared libraries
configure:12543: result: yes
configure:12546: checking whether to build shared libraries
configure:12571: result: yes
configure:12574: checking whether to build static libraries
configure:12578: result: yes
configure:12620: checking for C/C++ restrict keyword
configure:12645: gcc -c -g -O2  conftest.c >&5
configure:12645: $? = 0
configure:12653: result: __restrict
configure:12668: checking for C99 variable-size arrays
configure:12681: gcc -c -g -O2  conftest.c >&5
configure:12681: $? = 0
configure:12693: result: yes
configure:12715: checking if gcc supports -O3 -g -ffast-math
configure:12721: gcc -c -O3 -ffast-math  conftest.c >&5
configure:12721: $? = 0
configure:12722: result: yes
configure:12868: checking for main in -lwinmm
configure:12887: gcc -o conftest -O3 -g -ffast-math   conftest.c -lwinmm   >&5
ld: library 'winmm' not found
clang: error: linker command failed with exit code 1 (use -v to see invocation)
configure:12887: $? = 1
configure: failed program was:
| /* confdefs.h */
| #define PACKAGE_NAME "opus-tools"
| #define PACKAGE_TARNAME "opus-tools"
| #define PACKAGE_VERSION "0.2"
| #define PACKAGE_STRING "opus-tools 0.2"
| #define PACKAGE_BUGREPORT "opus@xiph.org"
| #define PACKAGE_URL ""
| #define STDC_HEADERS 1
| #define HAVE_SYS_TYPES_H 1
| #define HAVE_SYS_STAT_H 1
| #define HAVE_STDLIB_H 1
| #define HAVE_STRING_H 1
| #define HAVE_MEMORY_H 1
| #define HAVE_STRINGS_H 1
| #define HAVE_INTTYPES_H 1
| #define HAVE_STDINT_H 1
| #define HAVE_UNISTD_H 1
| #define HAVE_INTTYPES_H 1
| #define HAVE_ALLOCA_H 1
| #define HAVE_DLFCN_H 1
| #define LT_OBJDIR ".libs/"
| #define restrict __restrict
| #define VAR_ARRAYS 1
| /* end confdefs.h.  */
| 
| 
| int
| main ()
| {
| return main ();
|   ;
|   return 0;
| }
configure:12896: result: no
configure:12960: checking for lrintf
configure:12960: gcc -o conftest -O3 -g -ffast-math   conftest.c   >&5
conftest.c:48:6: warning: incompatible redeclaration of library function 'lrintf' [-Wincompatible-library-redeclaration]
char lrintf ();
     ^
conftest.c:48:6: note: 'lrintf' is a builtin with type 'long (float)'
1 warning generated.
configure:12960: $? = 0
configure:12960: result: yes
configure:12971: checking for fminf
configure:12971: gcc -o conftest -O3 -g -ffast-math   conftest.c   >&5
conftest.c:49:6: warning: incompatible redeclaration of library function 'fminf' [-Wincompatible-library-redeclaration]
char fminf ();
     ^
conftest.c:49:6: note: 'fminf' is a builtin with type 'float (float, float)'
1 warning generated.
configure:12971: $? = 0
configure:12971: result: yes
configure:12982: checking for fmaxf
configure:12982: gcc -o conftest -O3 -g -ffast-math   conftest.c   >&5
conftest.c:50:6: warning: incompatible redeclaration of library function 'fmaxf' [-Wincompatible-library-redeclaration]
char fmaxf ();
     ^
conftest.c:50:6: note: 'fmaxf' is a builtin with type 'float (float, float)'
1 warning generated.
configure:12982: $? = 0
configure:12982: result: yes
configure:12993: checking for _LARGEFILE_SOURCE value needed for large files
configure:13012: gcc -o conftest -O3 -g -ffast-math   conftest.c  >&5
configure:13012: $? = 0
configure:13040: result: no
configure:13064: checking for clock_gettime
configure:13064: gcc -o conftest -O3 -g -ffast-math   conftest.c  >&5
configure:13064: $? = 0
configure:13064: result: yes
configure:13064: checking for mach_absolute_time
configure:13064: gcc -o conftest -O3 -g -ffast-math   conftest.c  >&5
configure:13064: $? = 0
configure:13064: result: yes
configure:13076: checking for usleep
configure:13076: gcc -o conftest -O3 -g -ffast-math   conftest.c  >&5
configure:13076: $? = 0
configure:13076: result: yes
configure:13076: checking for nanosleep
configure:13076: gcc -o conftest -O3 -g -ffast-math   conftest.c  >&5
configure:13076: $? = 0
configure:13076: result: yes
configure:13076: checking for clock_nanosleep
configure:13076: gcc -o conftest -O3 -g -ffast-math   conftest.c  >&5
ld: Undefined symbols:
  _clock_nanosleep, referenced from:
      _main in conftest-e26cd3.o
clang: error: linker command failed with exit code 1 (use -v to see invocation)
configure:13076: $? = 1
configure: failed program was:
| /* confdefs.h */
| #define PACKAGE_NAME "opus-tools"
| #define PACKAGE_TARNAME "opus-tools"
| #define PACKAGE_VERSION "0.2"
| #define PACKAGE_STRING "opus-tools 0.2"
| #define PACKAGE_BUGREPORT "opus@xiph.org"
| #define PACKAGE_URL ""
| #define STDC_HEADERS 1
| #define HAVE_SYS_TYPES_H 1
| #define HAVE_SYS_STAT_H 1
| #define HAVE_STDLIB_H 1
| #define HAVE_STRING_H 1
| #define HAVE_MEMORY_H 1
| #define HAVE_STRINGS_H 1
| #define HAVE_INTTYPES_H 1
| #define HAVE_STDINT_H 1
| #define HAVE_UNISTD_H 1
| #define HAVE_INTTYPES_H 1
| #define HAVE_ALLOCA_H 1
| #define HAVE_DLFCN_H 1
| #define LT_OBJDIR ".libs/"
| #define restrict __restrict
| #define VAR_ARRAYS 1
| #define HAVE_LRINTF 1
| #define HAVE_FMINF 1
| #define HAVE_FMAXF 1
| #define HAVE_FSEEKO 1
| #define HAVE_CLOCK_GETTIME 1
| #define HAVE_MACH_ABSOLUTE_TIME 1
| #define HAVE_USLEEP 1
| #define HAVE_NANOSLEEP 1
| /* end confdefs.h.  */
| /* Define clock_nanosleep to an innocuous variant, in case <limits.h> declares clock_nanosleep.
|    For example, HP-UX 11i <limits.h> declares gettimeofday.  */
| #define clock_nanosleep innocuous_clock_nanosleep
| 
| /* System header to define __stub macros and hopefully few prototypes,
|     which can conflict with char clock_nanosleep (); below.
|     Prefer <limits.h> to <assert.h> if __STDC__ is defined, since
|     <limits.h> exists even on freestanding compilers.  */
| 
| #ifdef __STDC__
| # include <limits.h>
| #else
| # include <assert.h>
| #endif
| 
| #undef clock_nanosleep
| 
| /* Override any GCC internal prototype to avoid an error.
|    Use char because int might match the return type of a GCC
|    builtin and then its argument prototype would still apply.  */
| #ifdef __cplusplus
| extern "C"
| #endif
| char clock_nanosleep ();
| /* The GNU C library defines this for functions which it implements
|     to always fail with ENOSYS.  Some functions are actually named
|     something starting with __ and the normal name is an alias.  */
| #if defined __stub_clock_nanosleep || defined __stub___clock_nanosleep
| choke me
| #endif
| 
| int
| main ()
| {
| return clock_nanosleep ();
|   ;
|   return 0;
| }
configure:13076: result: no
configure:13088: checking for pkg-config
configure:13104: found /opt/homebrew/bin/pkg-config
configure:13115: result: yes
configure:13177: checking for pkg-config
configure:13195: found /opt/homebrew/bin/pkg-config
configure:13207: result: /opt/homebrew/bin/pkg-config
configure:13232: checking pkg-config is at least version 0.9.0
configure:13235: result: yes
configure:13246: checking for OGG
configure:13253: $PKG_CONFIG --exists --print-errors "ogg >= 1.3"
configure:13256: $? = 0
configure:13269: $PKG_CONFIG --exists --print-errors "ogg >= 1.3"
configure:13272: $? = 0
configure:13331: result: yes
configure:13527: checking for OPUS
configure:13534: $PKG_CONFIG --exists --print-errors "opus >= 1.1"
configure:13537: $? = 0
configure:13550: $PKG_CONFIG --exists --print-errors "opus >= 1.1"
configure:13553: $? = 0
configure:13612: result: yes
configure:13794: checking for OPUSFILE
configure:13801: $PKG_CONFIG --exists --print-errors "opusfile >= 0.5"
Package opusfile was not found in the pkg-config search path.
Perhaps you should add the directory containing `opusfile.pc'
to the PKG_CONFIG_PATH environment variable
No package 'opusfile' found
configure:13804: $? = 1
configure:13817: $PKG_CONFIG --exists --print-errors "opusfile >= 0.5"
Package opusfile was not found in the pkg-config search path.
Perhaps you should add the directory containing `opusfile.pc'
to the PKG_CONFIG_PATH environment variable
No package 'opusfile' found
configure:13820: $? = 1
configure:13833: result: no
No package 'opusfile' found
configure:13849: error: Package requirements (opusfile >= 0.5) were not met:

No package 'opusfile' found

Consider adjusting the PKG_CONFIG_PATH environment variable if you
installed software in a non-standard prefix.

Alternatively, you may set the environment variables OPUSFILE_CFLAGS
and OPUSFILE_LIBS to avoid the need to call pkg-config.
See the pkg-config man page for more details.

## ---------------- ##
## Cache variables. ##
## ---------------- ##

ac_cv_build=arm-apple-darwin22.6.0
ac_cv_c_bigendian=no
ac_cv_c_compiler_gnu=yes
ac_cv_c_const=yes
ac_cv_c_inline=inline
ac_cv_c_restrict=__restrict
ac_cv_env_CC_set=
ac_cv_env_CC_value=
ac_cv_env_CFLAGS_set=
ac_cv_env_CFLAGS_value=
ac_cv_env_CPPFLAGS_set=
ac_cv_env_CPPFLAGS_value=
ac_cv_env_CPP_set=
ac_cv_env_CPP_value=
ac_cv_env_FLAC_CFLAGS_set=
ac_cv_env_FLAC_CFLAGS_value=
ac_cv_env_FLAC_LIBS_set=
ac_cv_env_FLAC_LIBS_value=
ac_cv_env_LDFLAGS_set=
ac_cv_env_LDFLAGS_value=
ac_cv_env_LIBOPUSENC_CFLAGS_set=
ac_cv_env_LIBOPUSENC_CFLAGS_value=
ac_cv_env_LIBOPUSENC_LIBS_set=
ac_cv_env_LIBOPUSENC_LIBS_value=
ac_cv_env_LIBS_set=
ac_cv_env_LIBS_value=
ac_cv_env_LT_SYS_LIBRARY_PATH_set=
ac_cv_env_LT_SYS_LIBRARY_PATH_value=
ac_cv_env_OGG_CFLAGS_set=
ac_cv_env_OGG_CFLAGS_value=
ac_cv_env_OGG_LIBS_set=
ac_cv_env_OGG_LIBS_value=
ac_cv_env_OPUSFILE_CFLAGS_set=
ac_cv_env_OPUSFILE_CFLAGS_value=
ac_cv_env_OPUSFILE_LIBS_set=
ac_cv_env_OPUSFILE_LIBS_value=
ac_cv_env_OPUSURL_CFLAGS_set=
ac_cv_env_OPUSURL_CFLAGS_value=
ac_cv_env_OPUSURL_LIBS_set=
ac_cv_env_OPUSURL_LIBS_value=
ac_cv_env_OPUS_CFLAGS_set=
ac_cv_env_OPUS_CFLAGS_value=
ac_cv_env_OPUS_LIBS_set=
ac_cv_env_OPUS_LIBS_value=
ac_cv_env_PKG_CONFIG_LIBDIR_set=
ac_cv_env_PKG_CONFIG_LIBDIR_value=
ac_cv_env_PKG_CONFIG_PATH_set=
ac_cv_env_PKG_CONFIG_PATH_value=
ac_cv_env_PKG_CONFIG_set=
ac_cv_env_PKG_CONFIG_value=
ac_cv_env_build_alias_set=
ac_cv_env_build_alias_value=
ac_cv_env_host_alias_set=
ac_cv_env_host_alias_value=
ac_cv_env_target_alias_set=
ac_cv_env_target_alias_value=
ac_cv_func_clock_gettime=yes
ac_cv_func_clock_nanosleep=no
ac_cv_func_fmaxf=yes
ac_cv_func_fminf=yes
ac_cv_func_lrintf=yes
ac_cv_func_mach_absolute_time=yes
ac_cv_func_nanosleep=yes
ac_cv_func_usleep=yes
ac_cv_header_alloca_h=yes
ac_cv_header_dlfcn_h=yes
ac_cv_header_inttypes_h=yes
ac_cv_header_memory_h=yes
ac_cv_header_stdc=yes
ac_cv_header_stdint_h=yes
ac_cv_header_stdlib_h=yes
ac_cv_header_string_h=yes
ac_cv_header_strings_h=yes
ac_cv_header_sys_stat_h=yes
ac_cv_header_sys_types_h=yes
ac_cv_header_unistd_h=yes
ac_cv_host=arm-apple-darwin22.6.0
ac_cv_lib_winmm_main=no
ac_cv_objext=o
ac_cv_path_EGREP='/usr/bin/grep -E'
ac_cv_path_FGREP='/usr/bin/grep -F'
ac_cv_path_GREP=/usr/bin/grep
ac_cv_path_SED=/usr/bin/sed
ac_cv_path_ac_pt_PKG_CONFIG=/opt/homebrew/bin/pkg-config
ac_cv_path_install='/usr/bin/install -c'
ac_cv_path_lt_DD=/bin/dd
ac_cv_prog_AWK=awk
ac_cv_prog_CPP='gcc -E'
ac_cv_prog_HAVE_PKG_CONFIG=yes
ac_cv_prog_ac_ct_AR=ar
ac_cv_prog_ac_ct_CC=gcc
ac_cv_prog_ac_ct_DSYMUTIL=dsymutil
ac_cv_prog_ac_ct_LIPO=lipo
ac_cv_prog_ac_ct_NMEDIT=nmedit
ac_cv_prog_ac_ct_OBJDUMP=objdump
ac_cv_prog_ac_ct_OTOOL=otool
ac_cv_prog_ac_ct_RANLIB=ranlib
ac_cv_prog_ac_ct_STRIP=strip
ac_cv_prog_cc_c89=
ac_cv_prog_cc_c99=
ac_cv_prog_cc_g=yes
ac_cv_prog_make_make_set=yes
ac_cv_sys_largefile_source=no
am_cv_CC_dependencies_compiler_type=gcc3
am_cv_make_support_nested_variables=yes
am_cv_prog_cc_c_o=yes
lt_cv_apple_cc_single_mod=no
lt_cv_ar_at_file=no
lt_cv_deplibs_check_method=pass_all
lt_cv_file_magic_cmd='$MAGIC_CMD'
lt_cv_file_magic_test_file=
lt_cv_ld_exported_symbols_list=yes
lt_cv_ld_force_load=yes
lt_cv_ld_reload_flag=-r
lt_cv_nm_interface='BSD nm'
lt_cv_objdir=.libs
lt_cv_path_LD=/Applications/Xcode.app/Contents/Developer/Toolchains/XcodeDefault.xctoolchain/usr/bin/ld
lt_cv_path_NM='/usr/bin/nm -B'
lt_cv_path_mainfest_tool=no
lt_cv_prog_compiler_c_o=yes
lt_cv_prog_compiler_pic='-fno-common -DPIC'
lt_cv_prog_compiler_pic_works=yes
lt_cv_prog_compiler_rtti_exceptions=yes
lt_cv_prog_compiler_static_works=no
lt_cv_prog_gnu_ld=no
lt_cv_sharedlib_from_linklib_cmd='printf %s\n'
lt_cv_sys_global_symbol_pipe='sed -n -e '\''s/^.*[	 ]\([ABCDGIRSTW][ABCDGIRSTW]*\)[	 ][	 ]*_\([_A-Za-z][_A-Za-z0-9]*\)$/\1 _\2 \2/p'\'' | sed '\''/ __gnu_lto/d'\'''
lt_cv_sys_global_symbol_to_c_name_address='sed -n -e '\''s/^: \(.*\) .*$/  {"\1", (void *) 0},/p'\'' -e '\''s/^[ABCDGIRSTW][ABCDGIRSTW]* .* \(.*\)$/  {"\1", (void *) \&\1},/p'\'''
lt_cv_sys_global_symbol_to_c_name_address_lib_prefix='sed -n -e '\''s/^: \(.*\) .*$/  {"\1", (void *) 0},/p'\'' -e '\''s/^[ABCDGIRSTW][ABCDGIRSTW]* .* \(lib.*\)$/  {"\1", (void *) \&\1},/p'\'' -e '\''s/^[ABCDGIRSTW][ABCDGIRSTW]* .* \(.*\)$/  {"lib\1", (void *) \&\1},/p'\'''
lt_cv_sys_global_symbol_to_cdecl='sed -n -e '\''s/^T .* \(.*\)$/extern int \1();/p'\'' -e '\''s/^[ABCDGIRSTW][ABCDGIRSTW]* .* \(.*\)$/extern char \1;/p'\'''
lt_cv_sys_global_symbol_to_import=
lt_cv_sys_max_cmd_len=786432
lt_cv_to_host_file_cmd=func_convert_file_noop
lt_cv_to_tool_file_cmd=func_convert_file_noop
lt_cv_truncate_bin='/bin/dd bs=4096 count=1'
pkg_cv_OGG_CFLAGS=-I/opt/homebrew/Cellar/libogg/1.3.5/include
pkg_cv_OGG_LIBS='-L/opt/homebrew/Cellar/libogg/1.3.5/lib -logg'
pkg_cv_OPUS_CFLAGS=-I/opt/homebrew/Cellar/opus/1.4/include/opus
pkg_cv_OPUS_LIBS='-L/opt/homebrew/Cellar/opus/1.4/lib -lopus'

## ----------------- ##
## Output variables. ##
## ----------------- ##

ACLOCAL='${SHELL} "/Users/dragos/Library/Mobile Documents/com~apple~CloudDocs/Github Projects/PrimatePal/virtualEnv/lib/python3.11/site-packages/opus-tools-0.2/missing" aclocal-1.15'
AMDEPBACKSLASH='\'
AMDEP_FALSE='#'
AMDEP_TRUE=''
AMTAR='$${TAR-tar}'
AM_BACKSLASH='\'
AM_DEFAULT_V='$(AM_DEFAULT_VERBOSITY)'
AM_DEFAULT_VERBOSITY='0'
AM_V='$(V)'
AR='ar'
AUTOCONF='${SHELL} "/Users/dragos/Library/Mobile Documents/com~apple~CloudDocs/Github Projects/PrimatePal/virtualEnv/lib/python3.11/site-packages/opus-tools-0.2/missing" autoconf'
AUTOHEADER='${SHELL} "/Users/dragos/Library/Mobile Documents/com~apple~CloudDocs/Github Projects/PrimatePal/virtualEnv/lib/python3.11/site-packages/opus-tools-0.2/missing" autoheader'
AUTOMAKE='${SHELL} "/Users/dragos/Library/Mobile Documents/com~apple~CloudDocs/Github Projects/PrimatePal/virtualEnv/lib/python3.11/site-packages/opus-tools-0.2/missing" automake-1.15'
AWK='awk'
CC='gcc'
CCDEPMODE='depmode=gcc3'
CFLAGS='-O3 -g -ffast-math'
CPP='gcc -E'
CPPFLAGS=''
CYGPATH_W='echo'
DEFS=''
DEPDIR='.deps'
DLLTOOL='false'
DSYMUTIL='dsymutil'
DUMPBIN=''
ECHO_C='\c'
ECHO_N=''
ECHO_T=''
EGREP='/usr/bin/grep -E'
EXEEXT=''
FGREP='/usr/bin/grep -F'
FLAC_CFLAGS=''
FLAC_LIBS=''
GREP='/usr/bin/grep'
HAVE_PKG_CONFIG='yes'
INSTALL_DATA='${INSTALL} -m 644'
INSTALL_PROGRAM='${INSTALL}'
INSTALL_SCRIPT='${INSTALL}'
INSTALL_STRIP_PROGRAM='$(install_sh) -c -s'
LD='/Applications/Xcode.app/Contents/Developer/Toolchains/XcodeDefault.xctoolchain/usr/bin/ld'
LDFLAGS=''
LIBM=''
LIBOBJS=''
LIBOPUSENC_CFLAGS=''
LIBOPUSENC_LIBS=''
LIBS=''
LIBTOOL='$(SHELL) $(top_builddir)/libtool'
LIPO='lipo'
LN_S='ln -s'
LTLIBOBJS=''
LT_SYS_LIBRARY_PATH=''
MAINT=''
MAINTAINER_MODE_FALSE='#'
MAINTAINER_MODE_TRUE=''
MAKEINFO='${SHELL} "/Users/dragos/Library/Mobile Documents/com~apple~CloudDocs/Github Projects/PrimatePal/virtualEnv/lib/python3.11/site-packages/opus-tools-0.2/missing" makeinfo'
MANIFEST_TOOL=':'
MKDIR_P='./install-sh -c -d'
NM='/usr/bin/nm -B'
NMEDIT='nmedit'
OBJDUMP='objdump'
OBJEXT='o'
OGG_CFLAGS='-I/opt/homebrew/Cellar/libogg/1.3.5/include'
OGG_LIBS='-L/opt/homebrew/Cellar/libogg/1.3.5/lib -logg'
OPUSFILE_CFLAGS=''
OPUSFILE_LIBS=''
OPUSRTP_LIBS=''
OPUSURL_CFLAGS=''
OPUSURL_LIBS=''
OPUS_CFLAGS='-I/opt/homebrew/Cellar/opus/1.4/include/opus'
OPUS_LIBS='-L/opt/homebrew/Cellar/opus/1.4/lib -lopus'
OTOOL64=':'
OTOOL='otool'
PACKAGE='opus-tools'
PACKAGE_BUGREPORT='opus@xiph.org'
PACKAGE_NAME='opus-tools'
PACKAGE_STRING='opus-tools 0.2'
PACKAGE_TARNAME='opus-tools'
PACKAGE_URL=''
PACKAGE_VERSION='0.2'
PATH_SEPARATOR=':'
PKG_CONFIG='/opt/homebrew/bin/pkg-config'
PKG_CONFIG_LIBDIR=''
PKG_CONFIG_PATH=''
RANLIB='ranlib'
SED='/usr/bin/sed'
SET_MAKE=''
SHELL='/bin/sh'
STRIP='strip'
VERSION='0.2'
ac_ct_AR='ar'
ac_ct_CC='gcc'
ac_ct_DUMPBIN=''
am__EXEEXT_FALSE=''
am__EXEEXT_TRUE=''
am__fastdepCC_FALSE='#'
am__fastdepCC_TRUE=''
am__include='include'
am__isrc=''
am__leading_dot='.'
am__nodep='_no'
am__quote=''
am__tar='$${TAR-tar} chof - "$$tardir"'
am__untar='$${TAR-tar} xf -'
bindir='${exec_prefix}/bin'
build='arm-apple-darwin22.6.0'
build_alias=''
build_cpu='arm'
build_os='darwin22.6.0'
build_vendor='apple'
datadir='${datarootdir}'
datarootdir='${prefix}/share'
docdir='${datarootdir}/doc/${PACKAGE_TARNAME}'
dvidir='${docdir}'
exec_prefix='NONE'
host='arm-apple-darwin22.6.0'
host_alias=''
host_cpu='arm'
host_os='darwin22.6.0'
host_vendor='apple'
htmldir='${docdir}'
includedir='${prefix}/include'
infodir='${datarootdir}/info'
install_sh='${SHELL} '\''/Users/dragos/Library/Mobile Documents/com~apple~CloudDocs/Github Projects/PrimatePal/virtualEnv/lib/python3.11/site-packages/opus-tools-0.2/install-sh'\'''
libdir='${exec_prefix}/lib'
libexecdir='${exec_prefix}/libexec'
localedir='${datarootdir}/locale'
localstatedir='${prefix}/var'
mandir='${datarootdir}/man'
mkdir_p='$(MKDIR_P)'
oldincludedir='/usr/include'
pdfdir='${docdir}'
prefix='NONE'
program_transform_name='s,x,x,'
psdir='${docdir}'
sbindir='${exec_prefix}/sbin'
sharedstatedir='${prefix}/com'
sysconfdir='${prefix}/etc'
target_alias=''

## ----------- ##
## confdefs.h. ##
## ----------- ##

/* confdefs.h */
#define PACKAGE_NAME "opus-tools"
#define PACKAGE_TARNAME "opus-tools"
#define PACKAGE_VERSION "0.2"
#define PACKAGE_STRING "opus-tools 0.2"
#define PACKAGE_BUGREPORT "opus@xiph.org"
#define PACKAGE_URL ""
#define STDC_HEADERS 1
#define HAVE_SYS_TYPES_H 1
#define HAVE_SYS_STAT_H 1
#define HAVE_STDLIB_H 1
#define HAVE_STRING_H 1
#define HAVE_MEMORY_H 1
#define HAVE_STRINGS_H 1
#define HAVE_INTTYPES_H 1
#define HAVE_STDINT_H 1
#define HAVE_UNISTD_H 1
#define HAVE_INTTYPES_H 1
#define HAVE_ALLOCA_H 1
#define HAVE_DLFCN_H 1
#define LT_OBJDIR ".libs/"
#define restrict __restrict
#define VAR_ARRAYS 1
#define HAVE_LRINTF 1
#define HAVE_FMINF 1
#define HAVE_FMAXF 1
#define HAVE_FSEEKO 1
#define HAVE_CLOCK_GETTIME 1
#define HAVE_MACH_ABSOLUTE_TIME 1
#define HAVE_USLEEP 1
#define HAVE_NANOSLEEP 1

configure: exit 1
